warning: Git tree '/home/ayes/.nixos' is dirty
building the system configuration...
warning: Git tree '/home/ayes/.nixos' is dirty
these 6 derivations will be built:
  /nix/store/a47g0gi8bdwwils9rg79kck4cpajnaxl-home-manager-files.drv
  /nix/store/m99al4jdbdav509v5mkqqnd4rxg369bg-home-manager-generation.drv
  /nix/store/pxgv3y8kzpv85iimi0g32c98r9fzqmgf-unit-home-manager-ayes.service.drv
  /nix/store/v7yi6mjrg7mp73cph58ls6xiazjvnywy-system-units.drv
  /nix/store/h1w9927pflph4kf8rrlqndj8w52m8f9r-etc.drv
  /nix/store/nnz4zjgi8qr0hglr1pb8cnjkw50hvzgm-nixos-system-io-24.11.20240529.ad57eef.drv
building '/nix/store/a47g0gi8bdwwils9rg79kck4cpajnaxl-home-manager-files.drv'...
building '/nix/store/m99al4jdbdav509v5mkqqnd4rxg369bg-home-manager-generation.drv'...
building '/nix/store/pxgv3y8kzpv85iimi0g32c98r9fzqmgf-unit-home-manager-ayes.service.drv'...
building '/nix/store/v7yi6mjrg7mp73cph58ls6xiazjvnywy-system-units.drv'...
building '/nix/store/h1w9927pflph4kf8rrlqndj8w52m8f9r-etc.drv'...
building '/nix/store/nnz4zjgi8qr0hglr1pb8cnjkw50hvzgm-nixos-system-io-24.11.20240529.ad57eef.drv'...
activating the configuration...
setting up /etc...
reloading user units for ayes...
restarting sysinit-reactivation.target
restarting the following units: home-manager-ayes.service
